Precision: 0.9032258064516129
Recall: 1.0
Accuracy: 0.9508196721311475
F1: 0.9491525423728813
0 -split finished
=========================================
Precision: 0.9642857142857143
Recall: 0.9642857142857143
Accuracy: 0.9672131147540983
F1: 0.9642857142857143
1 -split finished
=========================================
Precision: 0.9629629629629629
Recall: 0.9285714285714286
Accuracy: 0.9508196721311475
F1: 0.9454545454545454
2 -split finished
=========================================
Precision: 0.9333333333333333
Recall: 1.0
Accuracy: 0.9672131147540983
F1: 0.9655172413793104
3 -split finished
=========================================
Precision: 0.9032258064516129
Recall: 1.0
Accuracy: 0.95
F1: 0.9491525423728813
4 -split finished
=========================================
Precision: 0.9655172413793104
Recall: 1.0
Accuracy: 0.9833333333333333
F1: 0.9824561403508771
5 -split finished
=========================================
Precision: 1.0
Recall: 1.0
Accuracy: 1.0
F1: 1.0
6 -split finished
=========================================
Precision: 1.0
Recall: 0.9642857142857143
Accuracy: 0.9833333333333333
F1: 0.9818181818181818
7 -split finished
=========================================
Precision: 0.9629629629629629
Recall: 0.9285714285714286
Accuracy: 0.95
F1: 0.9454545454545454
8 -split finished
=========================================
Precision: 0.9285714285714286
Recall: 0.9629629629629629
Accuracy: 0.95
F1: 0.9454545454545454
9 -split finished
=========================================
Avg. Precision: 0.9524085256398939
Avg. Recall: 0.974867724867725
Avg. F1: 0.9628745998943483
Avg. Accuracy 0.9652732240437156
